2026-04-28 09:57:34,244 - mmseg - INFO - Multi-processing start method is `None`
2026-04-28 09:57:34,245 - mmseg - INFO - OpenCV num_threads is `16
2026-04-28 09:57:34,245 - mmseg - INFO - OMP num threads is 16
2026-04-28 09:57:34,245 - mmseg - INFO - MKL num threads is 16
2026-04-28 09:57:34,323 - mmseg - INFO - Environment info:
------------------------------------------------------------
sys.platform: linux
Python: 3.10.20 (main, Mar 11 2026, 17:46:40) [GCC 14.3.0]
CUDA available: True
GPU 0: NVIDIA GeForce RTX 4080 SUPER
CUDA_HOME: /usr/local/cuda
NVCC: Cuda compilation tools, release 11.8, V11.8.89
GCC: gcc (Ubuntu 11.3.0-1ubuntu1~22.04) 11.3.0
PyTorch: 2.1.2+cu118
PyTorch compiling details: PyTorch built with:
  - GCC 9.3
  - C++ Version: 201703
  - Intel(R) oneAPI Math Kernel Library Version 2022.2-Product Build 20220804 for Intel(R) 64 architecture applications
  - Intel(R) MKL-DNN v3.1.1 (Git Hash 64f6bcbcbab628e96f33a62c3e975f8535a7bde4)
  - OpenMP 201511 (a.k.a. OpenMP 4.5)
  - LAPACK is enabled (usually provided by MKL)
  - NNPACK is enabled
  - CPU capability usage: AVX512
  - CUDA Runtime 11.8
  - NVCC architecture flags: -gencode;arch=compute_50,code=sm_50;-gencode;arch=compute_60,code=sm_60;-gencode;arch=compute_70,code=sm_70;-gencode;arch=compute_75,code=sm_75;-gencode;arch=compute_80,code=sm_80;-gencode;arch=compute_86,code=sm_86;-gencode;arch=compute_37,code=sm_37;-gencode;arch=compute_90,code=sm_90
  - CuDNN 8.7
  - Magma 2.6.1
  - Build settings: BLAS_INFO=mkl, BUILD_TYPE=Release, CUDA_VERSION=11.8, CUDNN_VERSION=8.7.0, CXX_COMPILER=/opt/rh/devtoolset-9/root/usr/bin/c++, CXX_FLAGS= -D_GLIBCXX_USE_CXX11_ABI=0 -fabi-version=11 -fvisibility-inlines-hidden -DUSE_PTHREADPOOL -DNDEBUG -DUSE_KINETO -DLIBKINETO_NOROCTRACER -DUSE_FBGEMM -DUSE_QNNPACK -DUSE_PYTORCH_QNNPACK -DUSE_XNNPACK -DSYMBOLICATE_MOBILE_DEBUG_HANDLE -O2 -fPIC -Wall -Wextra -Werror=return-type -Werror=non-virtual-dtor -Werror=bool-operation -Wnarrowing -Wno-missing-field-initializers -Wno-type-limits -Wno-array-bounds -Wno-unknown-pragmas -Wno-unused-parameter -Wno-unused-function -Wno-unused-result -Wno-strict-overflow -Wno-strict-aliasing -Wno-stringop-overflow -Wno-psabi -Wno-error=pedantic -Wno-error=old-style-cast -Wno-invalid-partial-specialization -Wno-unused-private-field -Wno-aligned-allocation-unavailable -Wno-missing-braces -fdiagnostics-color=always -faligned-new -Wno-unused-but-set-variable -Wno-maybe-uninitialized -fno-math-errno -fno-trapping-math -Werror=format -Werror=cast-function-type -Wno-stringop-overflow, LAPACK_INFO=mkl, PERF_WITH_AVX=1, PERF_WITH_AVX2=1, PERF_WITH_AVX512=1, TORCH_DISABLE_GPU_ASSERTS=ON, TORCH_VERSION=2.1.2, USE_CUDA=ON, USE_CUDNN=ON, USE_EXCEPTION_PTR=1, USE_GFLAGS=OFF, USE_GLOG=OFF, USE_MKL=ON, USE_MKLDNN=ON, USE_MPI=OFF, USE_NCCL=1, USE_NNPACK=ON, USE_OPENMP=ON, USE_ROCM=OFF, 

TorchVision: 0.16.2+cu118
OpenCV: 4.11.0
MMCV: 1.7.2
MMCV Compiler: GCC 9.3
MMCV CUDA Compiler: 11.8
MMSegmentation: 0.30.0+
------------------------------------------------------------

2026-04-28 09:57:34,323 - mmseg - INFO - Distributed training: False
2026-04-28 09:57:34,323 - mmseg - INFO - SegMAN early-stop: monitor='val/IoU' rule='greater' patience=50 — mIoU 为两类算术平均；monitor 为 val/IoU 时与前景 IoU、save_best 对齐（勿与 mIoU 混读）。
2026-04-28 09:57:36,119 - mmseg - INFO - Config:
log_config = dict(
    interval=1, hooks=[dict(type='TextLoggerHook', by_epoch=True)])
dist_params = dict(backend='gloo')
log_level = 'INFO'
load_from = 'pretrained/segman_t_ade.pth'
resume_from = None
workflow = [('train', 1)]
cudnn_benchmark = True
dataset_type = 'CustomDataset'
_data_root = '../../../DataA-B/DataA'
img_norm_cfg = dict(
    mean=[123.675, 116.28, 103.53], std=[58.395, 57.12, 57.375], to_rgb=True)
crop_size = (512, 512)
_DATAA_SHORT_EDGES = [
    256, 307, 358, 409, 460, 512, 563, 614, 665, 716, 768, 819, 870, 921, 972,
    1024
]
_train_img_scales = [
    (256, 256), (307, 307), (358, 358), (409, 409), (460, 460), (512, 512),
    (563, 563), (614, 614), (665, 665), (716, 716), (768, 768), (819, 819),
    (870, 870), (921, 921), (972, 972), (1024, 1024)
]
train_pipeline = [
    dict(type='LoadImageFromFile'),
    dict(type='LoadAnnotations', reduce_zero_label=False),
    dict(
        type='Resize',
        img_scale=[(256, 256), (307, 307), (358, 358), (409, 409), (460, 460),
                   (512, 512), (563, 563), (614, 614), (665, 665), (716, 716),
                   (768, 768), (819, 819), (870, 870), (921, 921), (972, 972),
                   (1024, 1024)],
        multiscale_mode='value',
        keep_ratio=True),
    dict(type='RandomCrop', crop_size=(512, 512), cat_max_ratio=0.75),
    dict(type='RandomFlip', prob=0.5),
    dict(type='PhotoMetricDistortion'),
    dict(
        type='Normalize',
        mean=[123.675, 116.28, 103.53],
        std=[58.395, 57.12, 57.375],
        to_rgb=True),
    dict(type='Pad', size=(512, 512), pad_val=0, seg_pad_val=255),
    dict(type='DefaultFormatBundle'),
    dict(type='Collect', keys=['img', 'gt_semantic_seg'])
]
val_test_pipeline = [
    dict(type='LoadImageFromFile'),
    dict(
        type='MultiScaleFlipAug',
        img_scale=(2048, 512),
        flip=False,
        transforms=[
            dict(type='AlignedResize', keep_ratio=True, size_divisor=32),
            dict(type='RandomFlip'),
            dict(
                type='Normalize',
                mean=[123.675, 116.28, 103.53],
                std=[58.395, 57.12, 57.375],
                to_rgb=True),
            dict(type='ImageToTensor', keys=['img']),
            dict(type='Collect', keys=['img'])
        ])
]
test_pipeline = [
    dict(type='LoadImageFromFile'),
    dict(
        type='MultiScaleFlipAug',
        img_scale=(2048, 512),
        flip=False,
        transforms=[
            dict(type='AlignedResize', keep_ratio=True, size_divisor=32),
            dict(type='RandomFlip'),
            dict(
                type='Normalize',
                mean=[123.675, 116.28, 103.53],
                std=[58.395, 57.12, 57.375],
                to_rgb=True),
            dict(type='ImageToTensor', keys=['img']),
            dict(type='Collect', keys=['img'])
        ])
]
segman_val_sup_pipeline = [
    dict(type='LoadImageFromFile'),
    dict(type='LoadAnnotations', reduce_zero_label=False),
    dict(type='Resize', img_scale=(2048, 512), keep_ratio=True),
    dict(
        type='Normalize',
        mean=[123.675, 116.28, 103.53],
        std=[58.395, 57.12, 57.375],
        to_rgb=True),
    dict(type='Pad', size=(512, 512), pad_val=0, seg_pad_val=255),
    dict(type='DefaultFormatBundle'),
    dict(type='Collect', keys=['img', 'gt_semantic_seg'])
]
data = dict(
    samples_per_gpu=4,
    workers_per_gpu=4,
    train=dict(
        type='RepeatDataset',
        times=1,
        dataset=dict(
            type='CustomDataset',
            data_root='../../../DataA-B/DataA',
            img_dir='image/train',
            ann_dir='mask/train',
            img_suffix='.jpg',
            seg_map_suffix='.png',
            pipeline=[
                dict(type='LoadImageFromFile'),
                dict(type='LoadAnnotations', reduce_zero_label=False),
                dict(
                    type='Resize',
                    img_scale=[(256, 256), (307, 307), (358, 358), (409, 409),
                               (460, 460), (512, 512), (563, 563), (614, 614),
                               (665, 665), (716, 716), (768, 768), (819, 819),
                               (870, 870), (921, 921), (972, 972),
                               (1024, 1024)],
                    multiscale_mode='value',
                    keep_ratio=True),
                dict(
                    type='RandomCrop',
                    crop_size=(512, 512),
                    cat_max_ratio=0.75),
                dict(type='RandomFlip', prob=0.5),
                dict(type='PhotoMetricDistortion'),
                dict(
                    type='Normalize',
                    mean=[123.675, 116.28, 103.53],
                    std=[58.395, 57.12, 57.375],
                    to_rgb=True),
                dict(type='Pad', size=(512, 512), pad_val=0, seg_pad_val=255),
                dict(type='DefaultFormatBundle'),
                dict(type='Collect', keys=['img', 'gt_semantic_seg'])
            ],
            classes=('background', 'foreground'),
            palette=[[0, 0, 0], [255, 255, 255]])),
    val=dict(
        type='CustomDataset',
        data_root='../../../DataA-B/DataA',
        img_dir='image/val',
        ann_dir='mask/val',
        img_suffix='.jpg',
        seg_map_suffix='.png',
        pipeline=[
            dict(type='LoadImageFromFile'),
            dict(
                type='MultiScaleFlipAug',
                img_scale=(2048, 512),
                flip=False,
                transforms=[
                    dict(
                        type='AlignedResize', keep_ratio=True,
                        size_divisor=32),
                    dict(type='RandomFlip'),
                    dict(
                        type='Normalize',
                        mean=[123.675, 116.28, 103.53],
                        std=[58.395, 57.12, 57.375],
                        to_rgb=True),
                    dict(type='ImageToTensor', keys=['img']),
                    dict(type='Collect', keys=['img'])
                ])
        ],
        classes=('background', 'foreground'),
        palette=[[0, 0, 0], [255, 255, 255]]),
    test=dict(
        type='CustomDataset',
        data_root='../../../DataA-B/DataA',
        img_dir='image/test',
        ann_dir='mask/test',
        img_suffix='.jpg',
        seg_map_suffix='.png',
        pipeline=[
            dict(type='LoadImageFromFile'),
            dict(
                type='MultiScaleFlipAug',
                img_scale=(2048, 512),
                flip=False,
                transforms=[
                    dict(
                        type='AlignedResize', keep_ratio=True,
                        size_divisor=32),
                    dict(type='RandomFlip'),
                    dict(
                        type='Normalize',
                        mean=[123.675, 116.28, 103.53],
                        std=[58.395, 57.12, 57.375],
                        to_rgb=True),
                    dict(type='ImageToTensor', keys=['img']),
                    dict(type='Collect', keys=['img'])
                ])
        ],
        classes=('background', 'foreground'),
        palette=[[0, 0, 0], [255, 255, 255]]))
model = dict(
    type='EncoderDecoder',
    pretrained=None,
    backbone=dict(type='SegMANEncoder_t', pretrained=None, style='pytorch'),
    decode_head=dict(
        type='SegMANDecoder',
        in_channels=[32, 64, 144, 192],
        in_index=[0, 1, 2, 3],
        channels=128,
        feat_proj_dim=192,
        dropout_ratio=0.1,
        num_classes=2,
        norm_cfg=dict(type='SyncBN', requires_grad=True),
        align_corners=False,
        loss_decode=dict(
            type='CrossEntropyLoss',
            use_sigmoid=False,
            loss_weight=2.0,
            class_weight=[1.0, 8.0],
            avg_non_ignore=True)),
    train_cfg=dict(),
    test_cfg=dict(mode='whole'))
optimizer = dict(
    type='AdamW',
    lr=6e-05,
    betas=(0.9, 0.999),
    weight_decay=0.01,
    paramwise_cfg=dict(
        custom_keys=dict(
            pos_block=dict(decay_mult=0.0),
            norm=dict(decay_mult=0.0),
            head=dict(lr_mult=10.0))))
lr_config = dict(
    policy='poly',
    warmup='linear',
    warmup_iters=5,
    warmup_ratio=1e-06,
    power=0.9,
    min_lr=0.0,
    by_epoch=True)
runner = dict(type='EpochBasedRunner', max_epochs=200)
evaluation = dict(
    interval=1,
    metric=['mIoU', 'mFscore'],
    rule='greater',
    save_best='val/IoU',
    greater_keys=[
        'mIoU', 'aAcc', 'mFscore', 'IoU.foreground', 'val/IoU', 'val/mIoU',
        'val/F1'
    ],
    pre_eval=True)
segman_use_binary_ckpt_layout = True
segman_binary_ckpt_root = 'data/checkpoints1'
segman_enable_val_loss_best = False
segman_wire_scheme2_512 = True
segman_wire_scheme3_256 = False
segman_wire_fg = 1
segman_wire_th = 0.55
segman_iou_early_stop_patience = 50
segman_console_summary_interval = 1
checkpoint_config = dict(by_epoch=True, interval=1000000000, save_last=False)
optimizer_config = dict()
custom_hooks = [
    dict(
        type='SegmanIoUPatienceEarlyStopHook',
        monitor='val/IoU',
        patience=50,
        rule='greater',
        priority=75),
    dict(type='SegmanConsoleSummaryHook', interval=1, priority=78)
]
find_unused_parameters = False
segman_segmentation_root = '/root/autodl-tmp/my_MambaVision-main/my_SegMAN-main-main/my_SegMAN-main-main'
segman_run_ts = 'train_20260428_095732'
work_dir = '/root/autodl-tmp/my_MambaVision-main/my_SegMAN-main-main/my_SegMAN-main-main/data/checkpoints1/train_20260428_095732'
gpu_ids = [0]
auto_resume = False

2026-04-28 09:57:36,120 - mmseg - INFO - Set random seed to 369044001, deterministic: False
2026-04-28 09:57:36,310 - mmseg - INFO - EncoderDecoder(
  (backbone): SegMANEncoder(
    (patch_embed): Sequential(
      (0): Conv2d(3, 16, kernel_size=(3, 3), stride=(2, 2), padding=(1, 1), bias=False)
      (1): BatchNorm2d(16, eps=1e-05, momentum=0.1, affine=True, track_running_stats=True)
      (2): GELU(approximate='none')
      (3): Conv2d(16, 16, kernel_size=(3, 3), stride=(1, 1), padding=(1, 1), bias=False)
      (4): BatchNorm2d(16, eps=1e-05, momentum=0.1, affine=True, track_running_stats=True)
      (5): GELU(approximate='none')
      (6): Conv2d(16, 32, kernel_size=(3, 3), stride=(2, 2), padding=(1, 1), bias=False)
      (7): BatchNorm2d(32, eps=1e-05, momentum=0.1, affine=True, track_running_stats=True)
      (8): GELU(approximate='none')
      (9): Conv2d(32, 32, kernel_size=(3, 3), stride=(1, 1), padding=(1, 1), bias=False)
      (10): BatchNorm2d(32, eps=1e-05, momentum=0.1, affine=True, track_running_stats=True)
    )
    (layers): ModuleList(
      (0): BasicLayer(
        (rope): RoPE()
        (blocks): ModuleList(
          (0-1): 2 x Block(
            (cpe1): Conv2d(32, 32, kernel_size=(3, 3), stride=(1, 1), padding=(1, 1), groups=32)
            (norm1): LayerNorm2d((32,), eps=1e-06, elementwise_affine=True)
            (token_mixer): Attention(
              (qkv): Conv2d(32, 96, kernel_size=(1, 1), stride=(1, 1))
              (lepe): Conv2d(32, 32, kernel_size=(5, 5), stride=(1, 1), padding=(2, 2), groups=32)
              (proj): Conv2d(32, 32, kernel_size=(1, 1), stride=(1, 1))
              (dwconv): Sequential(
                (0): Conv2d(32, 32, kernel_size=(3, 3), stride=(1, 1), padding=(1, 1), groups=32)
                (1): BatchNorm2d(32, eps=1e-05, momentum=0.1, affine=True, track_running_stats=True)
              )
              (ssm): VSSM()
              (norm): LayerNorm2d((32,), eps=1e-06, elementwise_affine=True)
              (rpb): ParameterList(  (0): Parameter containing: [torch.float32 of size 1x21x21])
            )
            (cpe2): Conv2d(32, 32, kernel_size=(3, 3), stride=(1, 1), padding=(1, 1), groups=32)
            (norm2): LayerNorm2d((32,), eps=1e-06, elementwise_affine=True)
            (mlp): FFN(
              (fc1): Conv2d(32, 128, kernel_size=(1, 1), stride=(1, 1))
              (act_layer): GELU(approximate='none')
              (dwconv): Conv2d(128, 128, kernel_size=(3, 3), stride=(1, 1), padding=(1, 1), groups=128)
              (fc2): Conv2d(128, 32, kernel_size=(1, 1), stride=(1, 1))
              (drop): Identity()
            )
            (drop_path): Identity()
            (layer_scale1): Identity()
            (layer_scale2): Identity()
          )
        )
      )
      (1): Sequential(
        (0): Conv2d(32, 64, kernel_size=(3, 3), stride=(2, 2), padding=(1, 1), bias=False)
        (1): BatchNorm2d(64, eps=1e-05, momentum=0.1, affine=True, track_running_stats=True)
      )
      (2): BasicLayer(
        (rope): RoPE()
        (blocks): ModuleList(
          (0-1): 2 x Block(
            (cpe1): Conv2d(64, 64, kernel_size=(3, 3), stride=(1, 1), padding=(1, 1), groups=64)
            (norm1): LayerNorm2d((64,), eps=1e-06, elementwise_affine=True)
            (token_mixer): Attention(
              (qkv): Conv2d(64, 192, kernel_size=(1, 1), stride=(1, 1))
              (lepe): Conv2d(64, 64, kernel_size=(5, 5), stride=(1, 1), padding=(2, 2), groups=64)
              (proj): Conv2d(64, 64, kernel_size=(1, 1), stride=(1, 1))
              (dwconv): Sequential(
                (0): Conv2d(64, 64, kernel_size=(3, 3), stride=(1, 1), padding=(1, 1), groups=64)
                (1): BatchNorm2d(64, eps=1e-05, momentum=0.1, affine=True, track_running_stats=True)
              )
              (ssm): VSSM()
              (norm): LayerNorm2d((64,), eps=1e-06, elementwise_affine=True)
              (rpb): ParameterList(  (0): Parameter containing: [torch.float32 of size 2x17x17])
            )
            (cpe2): Conv2d(64, 64, kernel_size=(3, 3), stride=(1, 1), padding=(1, 1), groups=64)
            (norm2): LayerNorm2d((64,), eps=1e-06, elementwise_affine=True)
            (mlp): FFN(
              (fc1): Conv2d(64, 256, kernel_size=(1, 1), stride=(1, 1))
              (act_layer): GELU(approximate='none')
              (dwconv): Conv2d(256, 256, kernel_size=(3, 3), stride=(1, 1), padding=(1, 1), groups=256)
              (fc2): Conv2d(256, 64, kernel_size=(1, 1), stride=(1, 1))
              (drop): Identity()
            )
            (drop_path): Identity()
            (layer_scale1): Identity()
            (layer_scale2): Identity()
          )
        )
      )
      (3): Sequential(
        (0): Conv2d(64, 144, kernel_size=(3, 3), stride=(2, 2), padding=(1, 1), bias=False)
        (1): BatchNorm2d(144, eps=1e-05, momentum=0.1, affine=True, track_running_stats=True)
      )
      (4): BasicLayer(
        (rope): RoPE()
        (blocks): ModuleList(
          (0-3): 4 x Block(
            (cpe1): Conv2d(144, 144, kernel_size=(3, 3), stride=(1, 1), padding=(1, 1), groups=144)
            (norm1): LayerNorm2d((144,), eps=1e-06, elementwise_affine=True)
            (token_mixer): Attention(
              (qkv): Conv2d(144, 432, kernel_size=(1, 1), stride=(1, 1))
              (lepe): Conv2d(144, 144, kernel_size=(5, 5), stride=(1, 1), padding=(2, 2), groups=144)
              (proj): Conv2d(144, 144, kernel_size=(1, 1), stride=(1, 1))
              (dwconv): Sequential(
                (0): Conv2d(144, 144, kernel_size=(3, 3), stride=(1, 1), padding=(1, 1), groups=144)
                (1): BatchNorm2d(144, eps=1e-05, momentum=0.1, affine=True, track_running_stats=True)
              )
              (ssm): VSSM()
              (norm): LayerNorm2d((144,), eps=1e-06, elementwise_affine=True)
              (rpb): ParameterList(  (0): Parameter containing: [torch.float32 of size 4x17x17])
            )
            (cpe2): Conv2d(144, 144, kernel_size=(3, 3), stride=(1, 1), padding=(1, 1), groups=144)
            (norm2): LayerNorm2d((144,), eps=1e-06, elementwise_affine=True)
            (mlp): FFN(
              (fc1): Conv2d(144, 432, kernel_size=(1, 1), stride=(1, 1))
              (act_layer): GELU(approximate='none')
              (dwconv): Conv2d(432, 432, kernel_size=(3, 3), stride=(1, 1), padding=(1, 1), groups=432)
              (fc2): Conv2d(432, 144, kernel_size=(1, 1), stride=(1, 1))
              (drop): Identity()
            )
            (drop_path): Identity()
            (layer_scale1): Identity()
            (layer_scale2): Identity()
          )
        )
      )
      (5): Sequential(
        (0): Conv2d(144, 192, kernel_size=(3, 3), stride=(2, 2), padding=(1, 1), bias=False)
        (1): BatchNorm2d(192, eps=1e-05, momentum=0.1, affine=True, track_running_stats=True)
      )
      (6): BasicLayer(
        (rope): RoPE()
        (blocks): ModuleList(
          (0-1): 2 x Block(
            (cpe1): Conv2d(192, 192, kernel_size=(3, 3), stride=(1, 1), padding=(1, 1), groups=192)
            (norm1): LayerNorm2d((192,), eps=1e-06, elementwise_affine=True)
            (token_mixer): Attention(
              (qkv): Conv2d(192, 576, kernel_size=(1, 1), stride=(1, 1))
              (lepe): Conv2d(192, 192, kernel_size=(5, 5), stride=(1, 1), padding=(2, 2), groups=192)
              (proj): Conv2d(192, 192, kernel_size=(1, 1), stride=(1, 1))
              (rpb): ParameterList(
                  (0): Parameter containing: [torch.float32 of size 8x13x13]
                  (1): Parameter containing: [torch.float32 of size 8x49x49]
              )
            )
            (cpe2): Conv2d(192, 192, kernel_size=(3, 3), stride=(1, 1), padding=(1, 1), groups=192)
            (norm2): LayerNorm2d((192,), eps=1e-06, elementwise_affine=True)
            (mlp): FFN(
              (fc1): Conv2d(192, 576, kernel_size=(1, 1), stride=(1, 1))
              (act_layer): GELU(approximate='none')
              (dwconv): Conv2d(576, 576, kernel_size=(3, 3), stride=(1, 1), padding=(1, 1), groups=576)
              (fc2): Conv2d(576, 192, kernel_size=(1, 1), stride=(1, 1))
              (drop): Identity()
            )
            (drop_path): Identity()
            (layer_scale1): Identity()
            (layer_scale2): Identity()
          )
        )
      )
      (7): Identity()
    )
  )
  (decode_head): SegMANDecoder(
    input_transform=multiple_select, ignore_index=255, align_corners=False
    (loss_decode): CrossEntropyLoss(avg_non_ignore=True)
    (conv_seg): Conv2d(128, 2, kernel_size=(1, 1), stride=(1, 1))
    (dropout): Dropout2d(p=0.1, inplace=False)
    (conv_downsample_2): ConvModule(
      (conv): Conv2d(128, 256, kernel_size=(3, 3), stride=(2, 2), padding=(1, 1), bias=False)
      (bn): _BatchNormXd(256, eps=1e-05, momentum=0.1, affine=True, track_running_stats=True)
      (activate): ReLU(inplace=True)
    )
    (conv_downsample_4): ConvModule(
      (conv): Conv2d(128, 512, kernel_size=(5, 5), stride=(4, 4), padding=(1, 1), bias=False)
      (bn): _BatchNormXd(512, eps=1e-05, momentum=0.1, affine=True, track_running_stats=True)
      (activate): ReLU(inplace=True)
    )
    (linear_c4): MLP(
      (proj): Linear(in_features=192, out_features=192, bias=True)
    )
    (linear_c3): MLP(
      (proj): Linear(in_features=144, out_features=192, bias=True)
    )
    (linear_c2): MLP(
      (proj): Linear(in_features=64, out_features=192, bias=True)
    )
    (linear_fuse): ConvModule(
      (conv): Conv2d(576, 128, kernel_size=(1, 1), stride=(1, 1), bias=False)
      (bn): _BatchNormXd(128, eps=1e-05, momentum=0.1, affine=True, track_running_stats=True)
      (activate): ReLU(inplace=True)
    )
    (reduce_channels): ModuleList(
      (0): ConvModule(
        (conv): Conv2d(512, 128, kernel_size=(1, 1), stride=(1, 1), bias=False)
        (bn): _BatchNormXd(128, eps=1e-05, momentum=0.1, affine=True, track_running_stats=True)
        (activate): ReLU(inplace=True)
      )
      (1): ConvModule(
        (conv): Conv2d(1024, 128, kernel_size=(1, 1), stride=(1, 1), bias=False)
        (bn): _BatchNormXd(128, eps=1e-05, momentum=0.1, affine=True, track_running_stats=True)
        (activate): ReLU(inplace=True)
      )
      (2): ConvModule(
        (conv): Conv2d(2048, 128, kernel_size=(1, 1), stride=(1, 1), bias=False)
        (bn): _BatchNormXd(128, eps=1e-05, momentum=0.1, affine=True, track_running_stats=True)
        (activate): ReLU(inplace=True)
      )
    )
    (vssm): VSSMBlock(
      (norm1): LayerNorm2d((384,), eps=1e-06, elementwise_affine=True)
      (cpe1): Conv2d(384, 384, kernel_size=(3, 3), stride=(1, 1), padding=(1, 1), groups=384)
      (token_mixer): VSSM()
      (norm2): LayerNorm2d((384,), eps=1e-06, elementwise_affine=True)
      (cpe2): Conv2d(384, 384, kernel_size=(3, 3), stride=(1, 1), padding=(1, 1), groups=384)
      (mlp): FFN(
        (fc1): Conv2d(384, 1536, kernel_size=(1, 1), stride=(1, 1))
        (act_layer): GELU(approximate='none')
        (dwconv): Conv2d(1536, 1536, kernel_size=(3, 3), stride=(1, 1), padding=(1, 1), groups=1536)
        (fc2): Conv2d(1536, 384, kernel_size=(1, 1), stride=(1, 1))
        (drop): Identity()
      )
      (drop_path): Identity()
      (layer_scale1): Identity()
      (layer_scale2): Identity()
    )
    (short_path): ConvModule(
      (conv): Conv2d(128, 128, kernel_size=(1, 1), stride=(1, 1), bias=False)
      (bn): _BatchNormXd(128, eps=1e-05, momentum=0.1, affine=True, track_running_stats=True)
      (activate): ReLU(inplace=True)
    )
    (image_pool): Sequential(
      (0): AdaptiveAvgPool2d(output_size=1)
      (1): ConvModule(
        (conv): Conv2d(128, 128, kernel_size=(1, 1), stride=(1, 1), bias=False)
        (bn): _BatchNormXd(128, eps=1e-05, momentum=0.1, affine=True, track_running_stats=True)
        (activate): ReLU(inplace=True)
      )
    )
    (proj_out): ConvModule(
      (conv): Conv2d(384, 192, kernel_size=(1, 1), stride=(1, 1), bias=False)
      (bn): _BatchNormXd(192, eps=1e-05, momentum=0.1, affine=True, track_running_stats=True)
      (activate): ReLU(inplace=True)
    )
    (cat): ConvModule(
      (conv): Conv2d(1216, 128, kernel_size=(1, 1), stride=(1, 1), bias=False)
      (bn): _BatchNormXd(128, eps=1e-05, momentum=0.1, affine=True, track_running_stats=True)
      (activate): ReLU(inplace=True)
    )
  )
  init_cfg={'type': 'Normal', 'std': 0.01, 'override': {'name': 'conv_seg'}}
)
2026-04-28 09:57:36,318 - mmseg - INFO - Loaded 160 images
2026-04-28 09:57:38,280 - mmseg - INFO - Loaded 20 images
2026-04-28 09:57:38,281 - mmseg - INFO - load checkpoint from local path: pretrained/segman_t_ade.pth
2026-04-28 09:57:38,504 - mmseg - WARNING - The model and loaded state dict do not match exactly

size mismatch for decode_head.conv_seg.weight: copying a param with shape torch.Size([150, 128, 1, 1]) from checkpoint, the shape in current model is torch.Size([2, 128, 1, 1]).
size mismatch for decode_head.conv_seg.bias: copying a param with shape torch.Size([150]) from checkpoint, the shape in current model is torch.Size([2]).
2026-04-28 09:57:38,506 - mmseg - INFO - Start running, host: root@autodl-container-43474eae3d-d05f41fd, work_dir: /root/autodl-tmp/my_MambaVision-main/my_SegMAN-main-main/my_SegMAN-main-main/data/checkpoints1/train_20260428_095732
2026-04-28 09:57:38,506 - mmseg - INFO - Hooks will be executed in the following order:
before_run:
(VERY_HIGH   ) PolyLrUpdaterHook                  
(NORMAL      ) CheckpointHook                     
(LOW         ) SegmanWireScheme3EvalHook          
(VERY_LOW    ) TextLoggerHook                     
 -------------------- 
before_train_epoch:
(VERY_HIGH   ) PolyLrUpdaterHook                  
(LOW         ) IterTimerHook                      
(LOW         ) SegmanWireScheme3EvalHook          
(VERY_LOW    ) TextLoggerHook                     
 -------------------- 
before_train_iter:
(VERY_HIGH   ) PolyLrUpdaterHook                  
(LOW         ) IterTimerHook                      
(LOW         ) SegmanWireScheme3EvalHook          
 -------------------- 
after_train_iter:
(ABOVE_NORMAL) OptimizerHook                      
(NORMAL      ) CheckpointHook                     
(LOW         ) IterTimerHook                      
(LOW         ) SegmanWireScheme3EvalHook          
(78          ) SegmanConsoleSummaryHook           
(VERY_LOW    ) TextLoggerHook                     
 -------------------- 
after_train_epoch:
(NORMAL      ) CheckpointHook                     
(LOW         ) SegmanWireScheme3EvalHook          
(75          ) SegmanIoUPatienceEarlyStopHook     
(78          ) SegmanConsoleSummaryHook           
(VERY_LOW    ) TextLoggerHook                     
 -------------------- 
before_val_epoch:
(LOW         ) IterTimerHook                      
(VERY_LOW    ) TextLoggerHook                     
 -------------------- 
before_val_iter:
(LOW         ) IterTimerHook                      
 -------------------- 
after_val_iter:
(LOW         ) IterTimerHook                      
 -------------------- 
after_val_epoch:
(VERY_LOW    ) TextLoggerHook                     
 -------------------- 
after_run:
(VERY_LOW    ) TextLoggerHook                     
 -------------------- 
2026-04-28 09:57:38,506 - mmseg - INFO - workflow: [('train', 1)], max: 200 epochs
2026-04-28 09:57:38,507 - mmseg - INFO - Checkpoints will be saved to /root/autodl-tmp/my_MambaVision-main/my_SegMAN-main-main/my_SegMAN-main-main/data/checkpoints1/train_20260428_095732 by HardDiskBackend.
